C:\Users\aldanvy\Documents\VSProjects\AR.Drone\AR.Drone2.0\ARDrone2Video\Win32\Debug\ARDrone2Video.lib
C:\Users\aldanvy\Documents\VSProjects\AR.Drone\AR.Drone2.0\ARDrone2Video\Win32\Debug\ARDrone2Video.exp
C:\Users\aldanvy\Documents\VSProjects\AR.Drone\AR.Drone2.0\ARDrone2Video\Generated Files\Win32\Debug\priconfig.xml.intermediate
C:\Users\aldanvy\Documents\VSProjects\AR.Drone\AR.Drone2.0\ARDrone2Video\Generated Files\Win32\Debug\layout.resfiles.intermediate
C:\Users\aldanvy\Documents\VSProjects\AR.Drone\AR.Drone2.0\ARDrone2Video\Generated Files\Win32\Debug\resources.resfiles.intermediate
C:\Users\aldanvy\Documents\VSProjects\AR.Drone\AR.Drone2.0\ARDrone2Video\Generated Files\Win32\Debug\pri.resfiles.intermediate
C:\Users\aldanvy\Documents\VSProjects\AR.Drone\AR.Drone2.0\ARDrone2Video\Generated Files\Win32\Debug\priconfig.xml
C:\Users\aldanvy\Documents\VSProjects\AR.Drone\AR.Drone2.0\ARDrone2Video\Generated Files\Win32\Debug\layout.resfiles
C:\Users\aldanvy\Documents\VSProjects\AR.Drone\AR.Drone2.0\ARDrone2Video\Generated Files\Win32\Debug\resources.resfiles
C:\Users\aldanvy\Documents\VSProjects\AR.Drone\AR.Drone2.0\ARDrone2Video\Generated Files\Win32\Debug\pri.resfiles
C:\Users\aldanvy\Documents\VSProjects\AR.Drone\AR.Drone2.0\ARDrone2Video\Win32\Debug\ARDrone2Video.pri
C:\Users\aldanvy\Documents\VSProjects\AR.Drone\AR.Drone2.0\ARDrone2Video\Generated Files\Win32\Debug\LanguageQualifiers.txt
C:\USERS\ALDANVY\DOCUMENTS\VSPROJECTS\AR.DRONE\AR.DRONE2.0\ARDRONE2VIDEO\WIN32\DEBUG\ARDRONE2VIDEO.BSC
C:\USERS\ALDANVY\DOCUMENTS\VSPROJECTS\AR.DRONE\AR.DRONE2.0\ARDRONE2VIDEO\GENERATED FILES\WIN32\DEBUG\STDAFX.PCH
C:\USERS\ALDANVY\DOCUMENTS\VSPROJECTS\AR.DRONE\AR.DRONE2.0\ARDRONE2VIDEO\GENERATED FILES\WIN32\DEBUG\PCH.SBR
C:\USERS\ALDANVY\DOCUMENTS\VSPROJECTS\AR.DRONE\AR.DRONE2.0\ARDRONE2VIDEO\GENERATED FILES\WIN32\DEBUG\PCH.OBJ
C:\USERS\ALDANVY\DOCUMENTS\VSPROJECTS\AR.DRONE\AR.DRONE2.0\ARDRONE2VIDEO\GENERATED FILES\WIN32\DEBUG\VC110.PDB
C:\USERS\ALDANVY\DOCUMENTS\VSPROJECTS\AR.DRONE\AR.DRONE2.0\ARDRONE2VIDEO\GENERATED FILES\WIN32\DEBUG\ARDRONESCHEMEHANDLER.SBR
C:\USERS\ALDANVY\DOCUMENTS\VSPROJECTS\AR.DRONE\AR.DRONE2.0\ARDRONE2VIDEO\GENERATED FILES\WIN32\DEBUG\ARDRONESCHEMEHANDLER.OBJ
C:\USERS\ALDANVY\DOCUMENTS\VSPROJECTS\AR.DRONE\AR.DRONE2.0\ARDRONE2VIDEO\GENERATED FILES\WIN32\DEBUG\DLLMAIN.SBR
C:\USERS\ALDANVY\DOCUMENTS\VSPROJECTS\AR.DRONE\AR.DRONE2.0\ARDRONE2VIDEO\GENERATED FILES\WIN32\DEBUG\DLLMAIN.OBJ
C:\USERS\ALDANVY\DOCUMENTS\VSPROJECTS\AR.DRONE\AR.DRONE2.0\ARDRONE2VIDEO\GENERATED FILES\WIN32\DEBUG\ARDRONEMEDIASOURCE.SBR
C:\USERS\ALDANVY\DOCUMENTS\VSPROJECTS\AR.DRONE\AR.DRONE2.0\ARDRONE2VIDEO\GENERATED FILES\WIN32\DEBUG\ARDRONEMEDIASOURCE.OBJ
C:\USERS\ALDANVY\DOCUMENTS\VSPROJECTS\AR.DRONE\AR.DRONE2.0\ARDRONE2VIDEO\GENERATED FILES\WIN32\DEBUG\ARDRONEMEDIASTREAM.SBR
C:\USERS\ALDANVY\DOCUMENTS\VSPROJECTS\AR.DRONE\AR.DRONE2.0\ARDRONE2VIDEO\GENERATED FILES\WIN32\DEBUG\ARDRONEMEDIASTREAM.OBJ
C:\USERS\ALDANVY\DOCUMENTS\VSPROJECTS\AR.DRONE\AR.DRONE2.0\ARDRONE2VIDEO\WIN32\DEBUG\ARDRONE2VIDEO.ILK
C:\USERS\ALDANVY\DOCUMENTS\VSPROJECTS\AR.DRONE\AR.DRONE2.0\ARDRONE2VIDEO\WIN32\DEBUG\ARDRONE2VIDEO.DLL
C:\USERS\ALDANVY\DOCUMENTS\VSPROJECTS\AR.DRONE\AR.DRONE2.0\ARDRONE2VIDEO\WIN32\DEBUG\ARDRONE2VIDEO.WINMD
C:\USERS\ALDANVY\DOCUMENTS\VSPROJECTS\AR.DRONE\AR.DRONE2.0\ARDRONE2VIDEO\WIN32\DEBUG\ARDRONE2VIDEO.PDB
C:\USERS\ALDANVY\DOCUMENTS\VSPROJECTS\AR.DRONE\AR.DRONE2.0\ARDRONE2VIDEO\ARDRONE2VIDEO_P.C
C:\USERS\ALDANVY\DOCUMENTS\VSPROJECTS\AR.DRONE\AR.DRONE2.0\ARDRONE2VIDEO\ARDRONE2VIDEO_I.C
C:\USERS\ALDANVY\DOCUMENTS\VSPROJECTS\AR.DRONE\AR.DRONE2.0\ARDRONE2VIDEO\ARDRONE2VIDEO_H.H
C:\USERS\ALDANVY\DOCUMENTS\VSPROJECTS\AR.DRONE\AR.DRONE2.0\ARDRONE2VIDEO\ARDRONE2VIDEO.WINMD
C:\Users\aldanvy\Documents\VSProjects\AR.Drone\AR.Drone2.0\ARDrone2Video\Generated Files\Win32\Debug\ARDroneMediaSource.obj
C:\Users\aldanvy\Documents\VSProjects\AR.Drone\AR.Drone2.0\ARDrone2Video\Generated Files\Win32\Debug\ARDroneMediaStream.obj
C:\Users\aldanvy\Documents\VSProjects\AR.Drone\AR.Drone2.0\ARDrone2Video\Generated Files\Win32\Debug\ARDroneSchemeHandler.obj
C:\Users\aldanvy\Documents\VSProjects\AR.Drone\AR.Drone2.0\ARDrone2Video\Generated Files\Win32\Debug\dllmain.obj
C:\Users\aldanvy\Documents\VSProjects\AR.Drone\AR.Drone2.0\ARDrone2Video\Generated Files\Win32\Debug\pch.obj
C:\Users\aldanvy\Documents\VSProjects\AR.Drone\AR.Drone2.0\ARDrone2Video\Generated Files\Win32\Debug\ARDrone2Video.read.1.tlog
C:\Users\aldanvy\Documents\VSProjects\AR.Drone\AR.Drone2.0\ARDrone2Video\Generated Files\Win32\Debug\ARDrone2Video.write.1.tlog
C:\Users\aldanvy\Documents\VSProjects\AR.Drone\AR.Drone2.0\ARDrone2Video\Generated Files\Win32\Debug\BscMake.command.1.tlog
C:\Users\aldanvy\Documents\VSProjects\AR.Drone\AR.Drone2.0\ARDrone2Video\Generated Files\Win32\Debug\bscmake.read.1.tlog
C:\Users\aldanvy\Documents\VSProjects\AR.Drone\AR.Drone2.0\ARDrone2Video\Generated Files\Win32\Debug\BscMake.write.1.tlog
C:\Users\aldanvy\Documents\VSProjects\AR.Drone\AR.Drone2.0\ARDrone2Video\Generated Files\Win32\Debug\CL.14812.read.1.tlog
C:\Users\aldanvy\Documents\VSProjects\AR.Drone\AR.Drone2.0\ARDrone2Video\Generated Files\Win32\Debug\CL.14812.write.1.tlog
C:\Users\aldanvy\Documents\VSProjects\AR.Drone\AR.Drone2.0\ARDrone2Video\Generated Files\Win32\Debug\CL.15184.read.1.tlog
C:\Users\aldanvy\Documents\VSProjects\AR.Drone\AR.Drone2.0\ARDrone2Video\Generated Files\Win32\Debug\CL.15184.write.1.tlog
C:\Users\aldanvy\Documents\VSProjects\AR.Drone\AR.Drone2.0\ARDrone2Video\Generated Files\Win32\Debug\CL.8440.read.1.tlog
C:\Users\aldanvy\Documents\VSProjects\AR.Drone\AR.Drone2.0\ARDrone2Video\Generated Files\Win32\Debug\CL.8440.write.1.tlog
C:\Users\aldanvy\Documents\VSProjects\AR.Drone\AR.Drone2.0\ARDrone2Video\Generated Files\Win32\Debug\CL.8572.read.1.tlog
C:\Users\aldanvy\Documents\VSProjects\AR.Drone\AR.Drone2.0\ARDrone2Video\Generated Files\Win32\Debug\CL.8572.write.1.tlog
C:\Users\aldanvy\Documents\VSProjects\AR.Drone\AR.Drone2.0\ARDrone2Video\Generated Files\Win32\Debug\cl.command.1.tlog
C:\Users\aldanvy\Documents\VSProjects\AR.Drone\AR.Drone2.0\ARDrone2Video\Generated Files\Win32\Debug\CL.read.1.tlog
C:\Users\aldanvy\Documents\VSProjects\AR.Drone\AR.Drone2.0\ARDrone2Video\Generated Files\Win32\Debug\CL.write.1.tlog
C:\Users\aldanvy\Documents\VSProjects\AR.Drone\AR.Drone2.0\ARDrone2Video\Generated Files\Win32\Debug\link.command.1.tlog
C:\Users\aldanvy\Documents\VSProjects\AR.Drone\AR.Drone2.0\ARDrone2Video\Generated Files\Win32\Debug\link.read.1.tlog
C:\Users\aldanvy\Documents\VSProjects\AR.Drone\AR.Drone2.0\ARDrone2Video\Generated Files\Win32\Debug\link.write.1.tlog
C:\Users\aldanvy\Documents\VSProjects\AR.Drone\AR.Drone2.0\ARDrone2Video\Generated Files\Win32\Debug\midl-MIDLRT-cl.read.1.tlog
C:\Users\aldanvy\Documents\VSProjects\AR.Drone\AR.Drone2.0\ARDrone2Video\Generated Files\Win32\Debug\midl-MIDLRT-cl.write.1.tlog
C:\Users\aldanvy\Documents\VSProjects\AR.Drone\AR.Drone2.0\ARDrone2Video\Generated Files\Win32\Debug\midl-MIDLRT-midl-midlc-cl.read.1.tlog
C:\Users\aldanvy\Documents\VSProjects\AR.Drone\AR.Drone2.0\ARDrone2Video\Generated Files\Win32\Debug\midl-MIDLRT-midl-midlc-cl.write.1.tlog
C:\Users\aldanvy\Documents\VSProjects\AR.Drone\AR.Drone2.0\ARDrone2Video\Generated Files\Win32\Debug\midl-MIDLRT-midl-midlc.read.1.tlog
C:\Users\aldanvy\Documents\VSProjects\AR.Drone\AR.Drone2.0\ARDrone2Video\Generated Files\Win32\Debug\midl-MIDLRT-midl-midlc.write.1.tlog
C:\Users\aldanvy\Documents\VSProjects\AR.Drone\AR.Drone2.0\ARDrone2Video\Generated Files\Win32\Debug\midl-MIDLRT-midl.read.1.tlog
C:\Users\aldanvy\Documents\VSProjects\AR.Drone\AR.Drone2.0\ARDrone2Video\Generated Files\Win32\Debug\midl-MIDLRT-midl.write.1.tlog
C:\Users\aldanvy\Documents\VSProjects\AR.Drone\AR.Drone2.0\ARDrone2Video\Generated Files\Win32\Debug\midl-MIDLRT.read.1.tlog
C:\Users\aldanvy\Documents\VSProjects\AR.Drone\AR.Drone2.0\ARDrone2Video\Generated Files\Win32\Debug\midl-MIDLRT.write.1.tlog
C:\Users\aldanvy\Documents\VSProjects\AR.Drone\AR.Drone2.0\ARDrone2Video\Generated Files\Win32\Debug\midl.command.1.tlog
C:\Users\aldanvy\Documents\VSProjects\AR.Drone\AR.Drone2.0\ARDrone2Video\Generated Files\Win32\Debug\StdAfx.pch
C:\Users\aldanvy\Documents\VSProjects\AR.Drone\AR.Drone2.0\ARDrone2Video\Generated Files\Win32\Debug\vc110.idb
C:\Users\aldanvy\Documents\VSProjects\AR.Drone\AR.Drone2.0\ARDrone2Video\Generated Files\Win32\Debug\vc110.pdb
C:\Users\aldanvy\Documents\VSProjects\AR.Drone\AR.Drone2.0\ARDrone2Video\Generated Files\Win32\Debug\ARDroneMediaSource.sbr
C:\Users\aldanvy\Documents\VSProjects\AR.Drone\AR.Drone2.0\ARDrone2Video\Generated Files\Win32\Debug\ARDroneMediaStream.sbr
C:\Users\aldanvy\Documents\VSProjects\AR.Drone\AR.Drone2.0\ARDrone2Video\Generated Files\Win32\Debug\ARDroneSchemeHandler.sbr
C:\Users\aldanvy\Documents\VSProjects\AR.Drone\AR.Drone2.0\ARDrone2Video\Generated Files\Win32\Debug\dllmain.sbr
C:\Users\aldanvy\Documents\VSProjects\AR.Drone\AR.Drone2.0\ARDrone2Video\Generated Files\Win32\Debug\pch.sbr
C:\Users\aldanvy\Documents\VSProjects\AR.Drone\AR.Drone2.0\ARDrone2Video\Win32\Debug\ARDrone2Video.pdb
C:\Users\aldanvy\Documents\VSProjects\AR.Drone\AR.Drone2.0\ARDrone2Video\Win32\Debug\ARDrone2Video.dll
C:\Users\aldanvy\Documents\VSProjects\AR.Drone\AR.Drone2.0\ARDrone2Video\Win32\Debug\ARDrone2Video.bsc
C:\Users\aldanvy\Documents\VSProjects\AR.Drone\AR.Drone2.0\ARDrone2Video\Win32\Debug\ARDrone2Video.ilk
