Build started 03/08/2013 03:05:27.
     1>Project "C:\Users\aldanvy\Documents\Git\ARDroneSDK\ARDrone2VideoTcp\ARDrone2VideoTcp.vcxproj" on node 3 (Rebuild target(s)).
     1>ClCompile:
         C:\Program Files (x86)\Microsoft Visual Studio 11.0\VC\bin\CL.exe /c /IC:\Users\aldanvy\Documents\Git\ARDroneSDK\ARDrone2VideoTcp\ /I"Generated Files\\" /IWin32\Release\ /Zi /ZW /ZW:nostdlib /nologo /W3 /WX- /sdl /MP /O2 /Oi /Oy- /GL /D _UNICODE /D UNICODE /D WINAPI_FAMILY=WINAPI_FAMILY_APP /Gm- /EHsc /MD /GS /Gy /fp:precise /Zc:wchar_t /Zc:forScope /Yc"pch.h" /Fp"Win32\Release\ARDrone2VideoTcp.pch" /Fo"Win32\Release\\" /Fd"Win32\Release\vc110.pdb" /Gd /TP /FU"C:\Program Files (x86)\Microsoft SDKs\Windows\v8.0\ExtensionSDKs\Microsoft.VCLibs\11.0\References\CommonConfiguration\neutral\platform.winmd" /FU"C:\Program Files (x86)\Windows Kits\8.0\References\CommonConfiguration\Neutral\Windows.winmd" /FU"C:\Program Files (x86)\Windows Kits\8.0\References\CommonConfiguration\Neutral\Windows.winmd" /analyze- /errorReport:prompt pch.cpp
         pch.cpp
         C:\Program Files (x86)\Microsoft Visual Studio 11.0\VC\bin\CL.exe /c /IC:\Users\aldanvy\Documents\Git\ARDroneSDK\ARDrone2VideoTcp\ /I"Generated Files\\" /IWin32\Release\ /Zi /ZW /ZW:nostdlib /nologo /W3 /WX- /sdl /MP /O2 /Oi /Oy- /GL /D _UNICODE /D UNICODE /D WINAPI_FAMILY=WINAPI_FAMILY_APP /Gm- /EHsc /MD /GS /Gy /fp:precise /Zc:wchar_t /Zc:forScope /Yu"pch.h" /Fp"Win32\Release\ARDrone2VideoTcp.pch" /Fo"Win32\Release\\" /Fd"Win32\Release\vc110.pdb" /Gd /TP /FU"C:\Program Files (x86)\Microsoft SDKs\Windows\v8.0\ExtensionSDKs\Microsoft.VCLibs\11.0\References\CommonConfiguration\neutral\platform.winmd" /FU"C:\Program Files (x86)\Windows Kits\8.0\References\CommonConfiguration\Neutral\Windows.winmd" /FU"C:\Program Files (x86)\Windows Kits\8.0\References\CommonConfiguration\Neutral\Windows.winmd" /analyze- /errorReport:prompt ARBuffer.cpp ARDroneTcpClient.cpp ARStream.cpp NativeBuffer.cpp VideoEncapsulation.h
         ARBuffer.cpp
         ARDroneTcpClient.cpp
         ARStream.cpp
         NativeBuffer.cpp
         VideoEncapsulation.h
       Lib:
         C:\Program Files (x86)\Microsoft Visual Studio 11.0\VC\bin\Lib.exe /OUT:"C:\Users\aldanvy\Documents\Git\ARDroneSDK\Win32\Release\ARDrone2VideoTcp\ARDrone2VideoTcp.lib" /NOLOGO /LTCG /ignore:4264 Win32\Release\ARBuffer.obj
         Win32\Release\ARDroneTcpClient.obj
         Win32\Release\ARStream.obj
         Win32\Release\NativeBuffer.obj
         Win32\Release\VideoEncapsulation.obj
         Win32\Release\pch.obj
         ARDrone2VideoTcp.vcxproj -> C:\Users\aldanvy\Documents\Git\ARDroneSDK\Win32\Release\ARDrone2VideoTcp\ARDrone2VideoTcp.lib
       _GenerateProjectPriFileCore:
         C:\Program Files (x86)\Windows Kits\8.0\bin\x86\MakePri.exe New -ProjectRoot C:\Users\aldanvy\Documents\Git\ARDroneSDK\ARDrone2VideoTcp\ -ConfigXml Win32\Release\priconfig.xml -OutputFile C:\Users\aldanvy\Documents\Git\ARDroneSDK\Win32\Release\ARDrone2VideoTcp\ARDrone2VideoTcp.pri -IndexName ARDrone2VideoTcp -Verbose -Overwrite  
     1>Done Building Project "C:\Users\aldanvy\Documents\Git\ARDroneSDK\ARDrone2VideoTcp\ARDrone2VideoTcp.vcxproj" (Rebuild target(s)).

Build succeeded.

Time Elapsed 00:00:06.06
