C:\Users\aldanvy\Documents\Git\ARDroneSDK\ARDrone2VideoTcp\Win32\Release\ARDrone2VideoTcp.vcxprojResolveAssemblyReference.cache
C:\Users\aldanvy\Documents\Git\ARDroneSDK\ARDrone2VideoTcp\Win32\Release\priconfig.xml.intermediate
C:\Users\aldanvy\Documents\Git\ARDroneSDK\ARDrone2VideoTcp\Win32\Release\layout.resfiles.intermediate
C:\Users\aldanvy\Documents\Git\ARDroneSDK\ARDrone2VideoTcp\Win32\Release\resources.resfiles.intermediate
C:\Users\aldanvy\Documents\Git\ARDroneSDK\ARDrone2VideoTcp\Win32\Release\pri.resfiles.intermediate
C:\Users\aldanvy\Documents\Git\ARDroneSDK\ARDrone2VideoTcp\Win32\Release\priconfig.xml
C:\Users\aldanvy\Documents\Git\ARDroneSDK\ARDrone2VideoTcp\Win32\Release\layout.resfiles
C:\Users\aldanvy\Documents\Git\ARDroneSDK\ARDrone2VideoTcp\Win32\Release\resources.resfiles
C:\Users\aldanvy\Documents\Git\ARDroneSDK\ARDrone2VideoTcp\Win32\Release\pri.resfiles
C:\Users\aldanvy\Documents\Git\ARDroneSDK\Win32\Release\ARDrone2VideoTcp\ARDrone2VideoTcp.pri
C:\Users\aldanvy\Documents\Git\ARDroneSDK\ARDrone2VideoTcp\Win32\Release\LanguageQualifiers.txt
C:\USERS\ALDANVY\DOCUMENTS\GIT\ARDRONESDK\ARDRONE2VIDEOTCP\WIN32\RELEASE\ARDRONE2VIDEOTCP.PCH
C:\USERS\ALDANVY\DOCUMENTS\GIT\ARDRONESDK\ARDRONE2VIDEOTCP\WIN32\RELEASE\PCH.OBJ
C:\USERS\ALDANVY\DOCUMENTS\GIT\ARDRONESDK\ARDRONE2VIDEOTCP\WIN32\RELEASE\VC110.PDB
C:\USERS\ALDANVY\DOCUMENTS\GIT\ARDRONESDK\ARDRONE2VIDEOTCP\WIN32\RELEASE\ARSTREAM.OBJ
C:\USERS\ALDANVY\DOCUMENTS\GIT\ARDRONESDK\ARDRONE2VIDEOTCP\WIN32\RELEASE\NATIVEBUFFER.OBJ
C:\USERS\ALDANVY\DOCUMENTS\GIT\ARDRONESDK\ARDRONE2VIDEOTCP\WIN32\RELEASE\ARDRONETCPCLIENT.OBJ
C:\USERS\ALDANVY\DOCUMENTS\GIT\ARDRONESDK\ARDRONE2VIDEOTCP\WIN32\RELEASE\ARBUFFER.OBJ
C:\USERS\ALDANVY\DOCUMENTS\GIT\ARDRONESDK\ARDRONE2VIDEOTCP\WIN32\RELEASE\VIDEOENCAPSULATION.OBJ
C:\USERS\ALDANVY\DOCUMENTS\GIT\ARDRONESDK\WIN32\RELEASE\ARDRONE2VIDEOTCP\ARDRONE2VIDEOTCP.LIB
C:\Users\aldanvy\Documents\Git\ARDroneSDK\ARDrone2VideoTcp\Win32\Release\ARBuffer.obj
C:\Users\aldanvy\Documents\Git\ARDroneSDK\ARDrone2VideoTcp\Win32\Release\ARDroneTcpClient.obj
C:\Users\aldanvy\Documents\Git\ARDroneSDK\ARDrone2VideoTcp\Win32\Release\ARStream.obj
C:\Users\aldanvy\Documents\Git\ARDroneSDK\ARDrone2VideoTcp\Win32\Release\NativeBuffer.obj
C:\Users\aldanvy\Documents\Git\ARDroneSDK\ARDrone2VideoTcp\Win32\Release\pch.obj
C:\Users\aldanvy\Documents\Git\ARDroneSDK\ARDrone2VideoTcp\Win32\Release\VideoEncapsulation.obj
C:\Users\aldanvy\Documents\Git\ARDroneSDK\ARDrone2VideoTcp\Win32\Release\ARDrone2VideoTcp.read.1.tlog
C:\Users\aldanvy\Documents\Git\ARDroneSDK\ARDrone2VideoTcp\Win32\Release\ARDrone2VideoTcp.write.1.tlog
C:\Users\aldanvy\Documents\Git\ARDroneSDK\ARDrone2VideoTcp\Win32\Release\CL.1596.read.1.tlog
C:\Users\aldanvy\Documents\Git\ARDroneSDK\ARDrone2VideoTcp\Win32\Release\CL.1596.write.1.tlog
C:\Users\aldanvy\Documents\Git\ARDroneSDK\ARDrone2VideoTcp\Win32\Release\CL.8860.read.1.tlog
C:\Users\aldanvy\Documents\Git\ARDroneSDK\ARDrone2VideoTcp\Win32\Release\CL.8860.write.1.tlog
C:\Users\aldanvy\Documents\Git\ARDroneSDK\ARDrone2VideoTcp\Win32\Release\CL.9828.read.1.tlog
C:\Users\aldanvy\Documents\Git\ARDroneSDK\ARDrone2VideoTcp\Win32\Release\CL.9828.write.1.tlog
C:\Users\aldanvy\Documents\Git\ARDroneSDK\ARDrone2VideoTcp\Win32\Release\CL.9996.read.1.tlog
C:\Users\aldanvy\Documents\Git\ARDroneSDK\ARDrone2VideoTcp\Win32\Release\CL.9996.write.1.tlog
C:\Users\aldanvy\Documents\Git\ARDroneSDK\ARDrone2VideoTcp\Win32\Release\cl.command.1.tlog
C:\Users\aldanvy\Documents\Git\ARDroneSDK\ARDrone2VideoTcp\Win32\Release\CL.read.1.tlog
C:\Users\aldanvy\Documents\Git\ARDroneSDK\ARDrone2VideoTcp\Win32\Release\CL.write.1.tlog
C:\Users\aldanvy\Documents\Git\ARDroneSDK\ARDrone2VideoTcp\Win32\Release\Lib-link.read.1.tlog
C:\Users\aldanvy\Documents\Git\ARDroneSDK\ARDrone2VideoTcp\Win32\Release\Lib-link.write.1.tlog
C:\Users\aldanvy\Documents\Git\ARDroneSDK\ARDrone2VideoTcp\Win32\Release\lib.command.1.tlog
C:\Users\aldanvy\Documents\Git\ARDroneSDK\ARDrone2VideoTcp\Win32\Release\ARDrone2VideoTcp.pch
C:\Users\aldanvy\Documents\Git\ARDroneSDK\ARDrone2VideoTcp\Win32\Release\vc110.pdb
C:\Users\aldanvy\Documents\Git\ARDroneSDK\Win32\Release\ARDrone2VideoTcp\ARDrone2VideoTcp.lib
