C:\USERS\ALDANVY\DOCUMENTS\VSPROJECTS\AR.DRONE\AR.DRONE2.0\ARDRONE2VIDEOTCP\ARM\RELEASE\ARDRONE2VIDEOTCPWP8.PCH
C:\USERS\ALDANVY\DOCUMENTS\VSPROJECTS\AR.DRONE\AR.DRONE2.0\ARDRONE2VIDEOTCP\ARM\RELEASE\PCH.OBJ
C:\USERS\ALDANVY\DOCUMENTS\VSPROJECTS\AR.DRONE\AR.DRONE2.0\ARDRONE2VIDEOTCP\ARM\RELEASE\VC110.PDB
C:\USERS\ALDANVY\DOCUMENTS\VSPROJECTS\AR.DRONE\AR.DRONE2.0\ARDRONE2VIDEOTCP\ARM\RELEASE\NATIVEBUFFER.OBJ
C:\USERS\ALDANVY\DOCUMENTS\VSPROJECTS\AR.DRONE\AR.DRONE2.0\ARDRONE2VIDEOTCP\ARM\RELEASE\ARSTREAM.OBJ
C:\USERS\ALDANVY\DOCUMENTS\VSPROJECTS\AR.DRONE\AR.DRONE2.0\ARDRONE2VIDEOTCP\ARM\RELEASE\ARDRONETCPCLIENT.OBJ
C:\USERS\ALDANVY\DOCUMENTS\VSPROJECTS\AR.DRONE\AR.DRONE2.0\ARDRONE2VIDEOTCP\ARM\RELEASE\ARBUFFER.OBJ
C:\USERS\ALDANVY\DOCUMENTS\VSPROJECTS\AR.DRONE\AR.DRONE2.0\ARM\RELEASE\ARDRONE2VIDEOTCPWP8\ARDRONE2VIDEOTCPWP8.LIB
C:\Users\aldanvy\Documents\VSProjects\AR.Drone\AR.Drone2.0\ARDrone2VideoTcp\ARM\Release\ARBuffer.obj
C:\Users\aldanvy\Documents\VSProjects\AR.Drone\AR.Drone2.0\ARDrone2VideoTcp\ARM\Release\ARDroneTcpClient.obj
C:\Users\aldanvy\Documents\VSProjects\AR.Drone\AR.Drone2.0\ARDrone2VideoTcp\ARM\Release\ARStream.obj
C:\Users\aldanvy\Documents\VSProjects\AR.Drone\AR.Drone2.0\ARDrone2VideoTcp\ARM\Release\NativeBuffer.obj
C:\Users\aldanvy\Documents\VSProjects\AR.Drone\AR.Drone2.0\ARDrone2VideoTcp\ARM\Release\pch.obj
C:\Users\aldanvy\Documents\VSProjects\AR.Drone\AR.Drone2.0\ARDrone2VideoTcp\ARM\Release\cl.command.1.tlog
C:\Users\aldanvy\Documents\VSProjects\AR.Drone\AR.Drone2.0\ARDrone2VideoTcp\ARM\Release\CL.read.1.tlog
C:\Users\aldanvy\Documents\VSProjects\AR.Drone\AR.Drone2.0\ARDrone2VideoTcp\ARM\Release\CL.write.1.tlog
C:\Users\aldanvy\Documents\VSProjects\AR.Drone\AR.Drone2.0\ARDrone2VideoTcp\ARM\Release\Lib-link.read.1.tlog
C:\Users\aldanvy\Documents\VSProjects\AR.Drone\AR.Drone2.0\ARDrone2VideoTcp\ARM\Release\Lib-link.write.1.tlog
C:\Users\aldanvy\Documents\VSProjects\AR.Drone\AR.Drone2.0\ARDrone2VideoTcp\ARM\Release\lib.command.1.tlog
C:\Users\aldanvy\Documents\VSProjects\AR.Drone\AR.Drone2.0\ARDrone2VideoTcp\ARM\Release\ARDrone2VideoTcpWP8.pch
C:\Users\aldanvy\Documents\VSProjects\AR.Drone\AR.Drone2.0\ARDrone2VideoTcp\ARM\Release\vc110.pdb
C:\Users\aldanvy\Documents\VSProjects\AR.Drone\AR.Drone2.0\ARM\Release\ARDrone2VideoTcpWP8\ARDrone2VideoTcpWP8.lib
