Build started 03/08/2013 03:05:27.
     1>Project "C:\Users\aldanvy\Documents\Git\ARDroneSDK\ARDrone2VideoTcp\ARDrone2VideoTcpWP8.vcxproj" on node 4 (Rebuild target(s)).
     1>ClCompile:
         C:\Program Files (x86)\Microsoft Visual Studio 11.0\VC\WPSDK\WP80\bin\x86_arm\CL.exe /c /AI"C:\Program Files (x86)\Windows Phone Kits\8.0\Windows Metadata" /Zi /ZW /nologo /W1 /WX- /O2 /Oy- /GL /D _LIB /D NDEBUG /D WINAPI_FAMILY=WINAPI_FAMILY_PHONE_APP /Gm- /EHsc /MD /GS /fp:precise /Zc:wchar_t /Zc:forScope /Yc"pch.h" /Fp"ARM\Release\ARDrone2VideoTcpWP8.pch" /Fo"ARM\Release\\" /Fd"ARM\Release\vc110.pdb" /Gd /TP /FU"C:\Program Files (x86)\Microsoft Visual Studio 11.0\VC\WPSDK\WP80\lib\arm\platform.winmd" /FU"C:\Program Files (x86)\Windows Phone Kits\8.0\Windows Metadata\Windows.winmd" /analyze- /errorReport:prompt pch.cpp
         pch.cpp
         C:\Program Files (x86)\Microsoft Visual Studio 11.0\VC\WPSDK\WP80\bin\x86_arm\CL.exe /c /AI"C:\Program Files (x86)\Windows Phone Kits\8.0\Windows Metadata" /Zi /ZW /nologo /W1 /WX- /O2 /Oy- /GL /D _LIB /D NDEBUG /D WINAPI_FAMILY=WINAPI_FAMILY_PHONE_APP /Gm- /EHsc /MD /GS /fp:precise /Zc:wchar_t /Zc:forScope /Yu"pch.h" /Fp"ARM\Release\ARDrone2VideoTcpWP8.pch" /Fo"ARM\Release\\" /Fd"ARM\Release\vc110.pdb" /Gd /TP /FU"C:\Program Files (x86)\Microsoft Visual Studio 11.0\VC\WPSDK\WP80\lib\arm\platform.winmd" /FU"C:\Program Files (x86)\Windows Phone Kits\8.0\Windows Metadata\Windows.winmd" /analyze- /errorReport:prompt ARBuffer.cpp ARDroneTcpClient.cpp ARStream.cpp NativeBuffer.cpp
         ARBuffer.cpp
         ARDroneTcpClient.cpp
         ARStream.cpp
         NativeBuffer.cpp
       Lib:
         C:\Program Files (x86)\Microsoft Visual Studio 11.0\VC\WPSDK\WP80\bin\x86_arm\Lib.exe /OUT:"C:\Users\aldanvy\Documents\Git\ARDroneSDK\ARM\Release\ARDrone2VideoTcpWP8\ARDrone2VideoTcpWP8.lib" /NOLOGO /MACHINE:ARM /LTCG /ignore:4264 ARM\Release\ARBuffer.obj
         ARM\Release\ARDroneTcpClient.obj
         ARM\Release\ARStream.obj
         ARM\Release\NativeBuffer.obj
         ARM\Release\pch.obj
         ARDrone2VideoTcpWP8.vcxproj -> C:\Users\aldanvy\Documents\Git\ARDroneSDK\ARM\Release\ARDrone2VideoTcpWP8\ARDrone2VideoTcpWP8.lib
     1>Done Building Project "C:\Users\aldanvy\Documents\Git\ARDroneSDK\ARDrone2VideoTcp\ARDrone2VideoTcpWP8.vcxproj" (Rebuild target(s)).

Build succeeded.

Time Elapsed 00:00:07.21
