C:\Dev\TFS-Repository\AR.Drone\AR.Drone2.0\ARDrone2Video\Win32\Release\ARDrone2Video.lib
C:\Dev\TFS-Repository\AR.Drone\AR.Drone2.0\ARDrone2Video\Win32\Release\ARDrone2Video.exp
C:\Dev\TFS-Repository\AR.Drone\AR.Drone2.0\ARDrone2Video\Win32\Release\ARDrone2Video.dll
C:\Dev\TFS-Repository\AR.Drone\AR.Drone2.0\ARDrone2Video\Win32\Release\priconfig.xml
C:\Dev\TFS-Repository\AR.Drone\AR.Drone2.0\ARDrone2Video\Win32\Release\priconfig.xml.intermediate
C:\Dev\TFS-Repository\AR.Drone\AR.Drone2.0\ARDrone2Video\Win32\Release\layout.resfiles
C:\Dev\TFS-Repository\AR.Drone\AR.Drone2.0\ARDrone2Video\Win32\Release\layout.resfiles.intermediate
C:\Dev\TFS-Repository\AR.Drone\AR.Drone2.0\ARDrone2Video\Win32\Release\resources.resfiles
C:\Dev\TFS-Repository\AR.Drone\AR.Drone2.0\ARDrone2Video\Win32\Release\resources.resfiles.intermediate
C:\Dev\TFS-Repository\AR.Drone\AR.Drone2.0\ARDrone2Video\Win32\Release\pri.resfiles
C:\Dev\TFS-Repository\AR.Drone\AR.Drone2.0\ARDrone2Video\Win32\Release\pri.resfiles.intermediate
C:\Dev\TFS-Repository\AR.Drone\AR.Drone2.0\ARDrone2Video\Win32\Release\ARDrone2Video.pri
C:\Dev\TFS-Repository\AR.Drone\AR.Drone2.0\ARDrone2Video\Win32\Release\qualifiers.txt
C:\Dev\TFS-Repository\AR.Drone\AR.Drone2.0\ARDrone2Video\Win32\Release\qualifiers.txt.intermediate
C:\Dev\TFS-Repository\AR.Drone\AR.Drone2.0\ARDrone2Video\Win32\Release\MultipleQualifiersPerDimensionFound.txt
C:\DEV\TFS-REPOSITORY\AR.DRONE\AR.DRONE2.0\ARDRONE2VIDEO\WIN32\RELEASE\STDAFX.PCH
C:\DEV\TFS-REPOSITORY\AR.DRONE\AR.DRONE2.0\ARDRONE2VIDEO\WIN32\RELEASE\PCH.OBJ
C:\DEV\TFS-REPOSITORY\AR.DRONE\AR.DRONE2.0\ARDRONE2VIDEO\WIN32\RELEASE\VC110.PDB
C:\DEV\TFS-REPOSITORY\AR.DRONE\AR.DRONE2.0\ARDRONE2VIDEO\WIN32\RELEASE\ARDRONESCHEMEHANDLER.OBJ
C:\DEV\TFS-REPOSITORY\AR.DRONE\AR.DRONE2.0\ARDRONE2VIDEO\WIN32\RELEASE\ARDRONEMEDIASOURCE.OBJ
C:\DEV\TFS-REPOSITORY\AR.DRONE\AR.DRONE2.0\ARDRONE2VIDEO\WIN32\RELEASE\ARDRONEMEDIASTREAM.OBJ
C:\DEV\TFS-REPOSITORY\AR.DRONE\AR.DRONE2.0\ARDRONE2VIDEO\WIN32\RELEASE\DLLMAIN.OBJ
C:\DEV\TFS-REPOSITORY\AR.DRONE\AR.DRONE2.0\ARDRONE2VIDEO\WIN32\RELEASE\ARDRONE2VIDEO.DLL
C:\DEV\TFS-REPOSITORY\AR.DRONE\AR.DRONE2.0\ARDRONE2VIDEO\WIN32\RELEASE\ARDRONE2VIDEO.WINMD
C:\DEV\TFS-REPOSITORY\AR.DRONE\AR.DRONE2.0\ARDRONE2VIDEO\WIN32\RELEASE\ARDRONE2VIDEO.PDB
C:\DEV\TFS-REPOSITORY\AR.DRONE\AR.DRONE2.0\ARDRONE2VIDEO\ARDRONE2VIDEO_P.C
C:\DEV\TFS-REPOSITORY\AR.DRONE\AR.DRONE2.0\ARDRONE2VIDEO\ARDRONE2VIDEO_I.C
C:\DEV\TFS-REPOSITORY\AR.DRONE\AR.DRONE2.0\ARDRONE2VIDEO\ARDRONE2VIDEO_H.H
C:\DEV\TFS-REPOSITORY\AR.DRONE\AR.DRONE2.0\ARDRONE2VIDEO\ARDRONE2VIDEO.WINMD
C:\Dev\TFS-Repository\AR.Drone\AR.Drone2.0\ARDrone2Video\Win32\Release\ARDrone2Video.vcxprojResolveAssemblyReference.cache
C:\Dev\TFS-Repository\AR.Drone\AR.Drone2.0\ARDrone2Video\Win32\Release\ARDroneMediaSource.obj
C:\Dev\TFS-Repository\AR.Drone\AR.Drone2.0\ARDrone2Video\Win32\Release\ARDroneMediaStream.obj
C:\Dev\TFS-Repository\AR.Drone\AR.Drone2.0\ARDrone2Video\Win32\Release\ARDroneSchemeHandler.obj
C:\Dev\TFS-Repository\AR.Drone\AR.Drone2.0\ARDrone2Video\Win32\Release\dllmain.obj
C:\Dev\TFS-Repository\AR.Drone\AR.Drone2.0\ARDrone2Video\Win32\Release\pch.obj
C:\Dev\TFS-Repository\AR.Drone\AR.Drone2.0\ARDrone2Video\Win32\Release\ARDrone2Video.read.1u.tlog
C:\Dev\TFS-Repository\AR.Drone\AR.Drone2.0\ARDrone2Video\Win32\Release\ARDrone2Video.write.1.tlog
C:\Dev\TFS-Repository\AR.Drone\AR.Drone2.0\ARDrone2Video\Win32\Release\ARDrone2Video.write.1u.tlog
C:\Dev\TFS-Repository\AR.Drone\AR.Drone2.0\ARDrone2Video\Win32\Release\CL.15836.read.1.tlog
C:\Dev\TFS-Repository\AR.Drone\AR.Drone2.0\ARDrone2Video\Win32\Release\CL.15836.write.1.tlog
C:\Dev\TFS-Repository\AR.Drone\AR.Drone2.0\ARDrone2Video\Win32\Release\CL.18232.read.1.tlog
C:\Dev\TFS-Repository\AR.Drone\AR.Drone2.0\ARDrone2Video\Win32\Release\CL.18232.write.1.tlog
C:\Dev\TFS-Repository\AR.Drone\AR.Drone2.0\ARDrone2Video\Win32\Release\CL.2752.read.1.tlog
C:\Dev\TFS-Repository\AR.Drone\AR.Drone2.0\ARDrone2Video\Win32\Release\CL.2752.write.1.tlog
C:\Dev\TFS-Repository\AR.Drone\AR.Drone2.0\ARDrone2Video\Win32\Release\CL.6964.read.1.tlog
C:\Dev\TFS-Repository\AR.Drone\AR.Drone2.0\ARDrone2Video\Win32\Release\CL.6964.write.1.tlog
C:\Dev\TFS-Repository\AR.Drone\AR.Drone2.0\ARDrone2Video\Win32\Release\cl.command.1.tlog
C:\Dev\TFS-Repository\AR.Drone\AR.Drone2.0\ARDrone2Video\Win32\Release\CL.read.1.tlog
C:\Dev\TFS-Repository\AR.Drone\AR.Drone2.0\ARDrone2Video\Win32\Release\CL.write.1.tlog
C:\Dev\TFS-Repository\AR.Drone\AR.Drone2.0\ARDrone2Video\Win32\Release\link.command.1.tlog
C:\Dev\TFS-Repository\AR.Drone\AR.Drone2.0\ARDrone2Video\Win32\Release\link.read.1.tlog
C:\Dev\TFS-Repository\AR.Drone\AR.Drone2.0\ARDrone2Video\Win32\Release\link.write.1.tlog
C:\Dev\TFS-Repository\AR.Drone\AR.Drone2.0\ARDrone2Video\Win32\Release\midl-MIDLRT-cl.read.1.tlog
C:\Dev\TFS-Repository\AR.Drone\AR.Drone2.0\ARDrone2Video\Win32\Release\midl-MIDLRT-midl-midlc-cl.read.1.tlog
C:\Dev\TFS-Repository\AR.Drone\AR.Drone2.0\ARDrone2Video\Win32\Release\midl-MIDLRT-midl-midlc.read.1.tlog
C:\Dev\TFS-Repository\AR.Drone\AR.Drone2.0\ARDrone2Video\Win32\Release\midl-MIDLRT-midl-midlc.write.1.tlog
C:\Dev\TFS-Repository\AR.Drone\AR.Drone2.0\ARDrone2Video\Win32\Release\midl-MIDLRT-midl.read.1.tlog
C:\Dev\TFS-Repository\AR.Drone\AR.Drone2.0\ARDrone2Video\Win32\Release\midl-MIDLRT-midl.write.1.tlog
C:\Dev\TFS-Repository\AR.Drone\AR.Drone2.0\ARDrone2Video\Win32\Release\midl-MIDLRT.read.1.tlog
C:\Dev\TFS-Repository\AR.Drone\AR.Drone2.0\ARDrone2Video\Win32\Release\midl-MIDLRT.write.1.tlog
C:\Dev\TFS-Repository\AR.Drone\AR.Drone2.0\ARDrone2Video\Win32\Release\midl.command.1.tlog
C:\Dev\TFS-Repository\AR.Drone\AR.Drone2.0\ARDrone2Video\Win32\Release\StdAfx.pch
C:\Dev\TFS-Repository\AR.Drone\AR.Drone2.0\ARDrone2Video\Win32\Release\ARDrone2Video.pdb
C:\Dev\TFS-Repository\AR.Drone\AR.Drone2.0\ARDrone2Video\Win32\Release\vc110.pdb
