Build started 03/08/2013 03:05:33.
     1>Project "C:\Users\aldanvy\Documents\Git\ARDroneSDK\ARDrone2Video\ARDrone2Video.vcxproj" on node 3 (Rebuild target(s)).
     1>Midl:
         C:\Program Files (x86)\Windows Kits\8.0\bin\x86\midl.exe /metadata_dir "C:\Program Files (x86)\Windows Kits\8.0\References\CommonConfiguration\Neutral" /winrt /W1 /nologo /char signed /env win32 /h "ARDrone2Video_h.h" /tlb "Win32\Release\ARDrone2Video.tlb" /enum_class /ns_prefix ARDrone2Video.idl 
         MIDLRT Processing .\ARDrone2Video.idl
         ARDrone2Video.idl
         MIDLRT Processing C:\Program Files (x86)\Windows Kits\8.0\Include\winrt\Windows.Media.idl
         Windows.Media.idl
         MIDLRT Processing C:\Program Files (x86)\Windows Kits\8.0\Include\winrt\inspectable.idl
         inspectable.idl
         MIDLRT Processing C:\Program Files (x86)\Windows Kits\8.0\Include\shared\wtypes.idl
         wtypes.idl
         MIDLRT Processing C:\Program Files (x86)\Windows Kits\8.0\Include\shared\wtypesbase.idl
         wtypesbase.idl
         MIDLRT Processing C:\Program Files (x86)\Windows Kits\8.0\Include\shared\basetsd.h
         basetsd.h
         MIDLRT Processing C:\Program Files (x86)\Windows Kits\8.0\Include\shared\guiddef.h
         guiddef.h
         MIDLRT Processing C:\Program Files (x86)\Windows Kits\8.0\Include\um\unknwn.idl
         unknwn.idl
         MIDLRT Processing C:\Program Files (x86)\Windows Kits\8.0\Include\winrt\hstring.idl
         hstring.idl
         MIDLRT Processing C:\Program Files (x86)\Windows Kits\8.0\Include\winrt\AsyncInfo.idl
         AsyncInfo.idl
         MIDLRT Processing C:\Program Files (x86)\Windows Kits\8.0\Include\winrt\EventToken.idl
         EventToken.idl
         MIDLRT Processing C:\Program Files (x86)\Windows Kits\8.0\Include\winrt\Windows.Foundation.idl
         Windows.Foundation.idl
         MIDLRT Processing C:\Program Files (x86)\Windows Kits\8.0\Include\winrt\IVectorChangedEventArgs.idl
         IVectorChangedEventArgs.idl
         MIDLRT Processing C:\Program Files (x86)\Windows Kits\8.0\Include\um\oaidl.idl
         oaidl.idl
         MIDLRT Processing C:\Program Files (x86)\Windows Kits\8.0\Include\um\objidl.idl
         objidl.idl
         Processing C:\Users\aldanvy\AppData\Local\Temp\ARDrone2Video.idl-8c65c850
         ARDrone2Video.idl-8c65c850
         Processing .\Windows.Media.idl-d6457581
         Windows.Media.idl-d6457581
         Processing C:\Program Files (x86)\Windows Kits\8.0\Include\winrt\inspectable.idl
         inspectable.idl
         Processing C:\Program Files (x86)\Windows Kits\8.0\Include\shared\wtypes.idl
         wtypes.idl
         Processing C:\Program Files (x86)\Windows Kits\8.0\Include\shared\wtypesbase.idl
         wtypesbase.idl
         Processing C:\Program Files (x86)\Windows Kits\8.0\Include\shared\basetsd.h
         basetsd.h
         Processing C:\Program Files (x86)\Windows Kits\8.0\Include\shared\guiddef.h
         guiddef.h
         Processing C:\Program Files (x86)\Windows Kits\8.0\Include\um\unknwn.idl
         unknwn.idl
         Processing C:\Program Files (x86)\Windows Kits\8.0\Include\winrt\hstring.idl
         hstring.idl
         Processing C:\Program Files (x86)\Windows Kits\8.0\Include\winrt\AsyncInfo.idl
         AsyncInfo.idl
         Processing C:\Program Files (x86)\Windows Kits\8.0\Include\winrt\EventToken.idl
         EventToken.idl
         Processing .\Windows.Foundation.idl-bf2fdc70
         Windows.Foundation.idl-bf2fdc70
         Processing .\IVectorChangedEventArgs.idl-d8cb0911
         IVectorChangedEventArgs.idl-d8cb0911
         Processing C:\Program Files (x86)\Windows Kits\8.0\Include\um\oaidl.idl
         oaidl.idl
         Processing C:\Program Files (x86)\Windows Kits\8.0\Include\um\objidl.idl
         objidl.idl
         Processing C:\Program Files (x86)\Windows Kits\8.0\Include\um\oaidl.acf
         oaidl.acf
       ClCompile:
         C:\Program Files (x86)\Microsoft Visual Studio 11.0\VC\bin\CL.exe /c /IC:\Users\aldanvy\Documents\Git\ARDroneSDK\ARDrone2Video\ /I"Generated Files\\" /IWin32\Release\ /AI"C:\Program Files (x86)\Windows Kits\8.0\References\CommonConfiguration\Neutral" /Zi /ZW /ZW:nostdlib /nologo /W3 /WX- /sdl /MP /O2 /Oi /Oy- /GL /D WINAPI_FAMILY=WINAPI_PARTITION_APP /D _WINRT_DLL /D NDEBUG /D _USRDLL /D _WINDLL /D _UNICODE /D UNICODE /D WINAPI_FAMILY=WINAPI_FAMILY_APP /Gm- /EHsc /MD /GS /Gy /fp:precise /Zc:wchar_t /Zc:forScope /Yc"StdAfx.h" /Fp"Win32\Release\StdAfx.pch" /Fo"Win32\Release\\" /Fd"Win32\Release\vc110.pdb" /Gd /TP /FU"C:\Program Files (x86)\Microsoft SDKs\Windows\v8.0\ExtensionSDKs\Microsoft.VCLibs\11.0\References\CommonConfiguration\neutral\platform.winmd" /FU"C:\Program Files (x86)\Windows Kits\8.0\References\CommonConfiguration\Neutral\Windows.winmd" /FU"C:\Program Files (x86)\Windows Kits\8.0\References\CommonConfiguration\Neutral\Windows.winmd" /analyze- /errorReport:prompt pch.cpp
         pch.cpp
         C:\Program Files (x86)\Microsoft Visual Studio 11.0\VC\bin\CL.exe /c /IC:\Users\aldanvy\Documents\Git\ARDroneSDK\ARDrone2Video\ /I"Generated Files\\" /IWin32\Release\ /AI"C:\Program Files (x86)\Windows Kits\8.0\References\CommonConfiguration\Neutral" /Zi /ZW /ZW:nostdlib /nologo /W3 /WX- /sdl /MP /O2 /Oi /Oy- /GL /D WINAPI_FAMILY=WINAPI_PARTITION_APP /D _WINRT_DLL /D NDEBUG /D _USRDLL /D _WINDLL /D _UNICODE /D UNICODE /D WINAPI_FAMILY=WINAPI_FAMILY_APP /Gm- /EHsc /MD /GS /Gy /fp:precise /Zc:wchar_t /Zc:forScope /Yu"StdAfx.h" /Fp"Win32\Release\StdAfx.pch" /Fo"Win32\Release\\" /Fd"Win32\Release\vc110.pdb" /Gd /TP /FU"C:\Program Files (x86)\Microsoft SDKs\Windows\v8.0\ExtensionSDKs\Microsoft.VCLibs\11.0\References\CommonConfiguration\neutral\platform.winmd" /FU"C:\Program Files (x86)\Windows Kits\8.0\References\CommonConfiguration\Neutral\Windows.winmd" /FU"C:\Program Files (x86)\Windows Kits\8.0\References\CommonConfiguration\Neutral\Windows.winmd" /analyze- /errorReport:prompt ARDroneMediaStream.cpp ARDroneSchemeHandler.cpp dllmain.cpp ARDroneMediaSource.cpp
         ARDroneMediaStream.cpp
         ARDroneSchemeHandler.cpp
         dllmain.cpp
         ARDroneMediaSource.cpp
       Link:
         C:\Program Files (x86)\Microsoft Visual Studio 11.0\VC\bin\link.exe /ERRORREPORT:PROMPT /OUT:"C:\Users\aldanvy\Documents\Git\ARDroneSDK\ARDrone2Video\Win32\Release\ARDrone2Video.dll" /NOLOGO runtimeobject.lib user32.lib kernel32.lib mf.lib mfuuid.lib mfplat.lib /MANIFEST:NO /DEBUG /PDB:"C:\Users\aldanvy\Documents\Git\ARDroneSDK\ARDrone2Video\Win32\Release\ARDrone2Video.pdb" /SUBSYSTEM:CONSOLE /OPT:REF /OPT:ICF /LTCG /TLBID:1 /APPCONTAINER /WINMD /WINMDFILE:"C:\Users\aldanvy\Documents\Git\ARDroneSDK\ARDrone2Video\Win32\Release\ARDrone2Video.winmd" /DYNAMICBASE /NXCOMPAT /IMPLIB:"C:\Users\aldanvy\Documents\Git\ARDroneSDK\ARDrone2Video\Win32\Release\ARDrone2Video.lib" /MACHINE:X86 /SAFESEH /ignore:4264 /DLL Win32\Release\ARDroneMediaStream.obj
         Win32\Release\ARDroneSchemeHandler.obj
         Win32\Release\dllmain.obj
         Win32\Release\ARDroneMediaSource.obj
         Win32\Release\pch.obj
         C:\Users\aldanvy\Documents\Git\ARDroneSDK\Win32\Release\ARDrone2VideoTcp\ARDrone2VideoTcp.lib
            Creating library C:\Users\aldanvy\Documents\Git\ARDroneSDK\ARDrone2Video\Win32\Release\ARDrone2Video.lib and object C:\Users\aldanvy\Documents\Git\ARDroneSDK\ARDrone2Video\Win32\Release\ARDrone2Video.exp
         Generating code
         Finished generating code
         ARDrone2Video.vcxproj -> C:\Users\aldanvy\Documents\Git\ARDroneSDK\ARDrone2Video\Win32\Release\ARDrone2Video.dll
       _GenerateProjectPriFileCore:
         C:\Program Files (x86)\Windows Kits\8.0\bin\x86\MakePri.exe New -ProjectRoot C:\Users\aldanvy\Documents\Git\ARDroneSDK\ARDrone2Video\ -ConfigXml Win32\Release\priconfig.xml -OutputFile C:\Users\aldanvy\Documents\Git\ARDroneSDK\ARDrone2Video\Win32\Release\ARDrone2Video.pri -IndexName ARDrone2Video -Verbose -Overwrite  
     1>Done Building Project "C:\Users\aldanvy\Documents\Git\ARDroneSDK\ARDrone2Video\ARDrone2Video.vcxproj" (Rebuild target(s)).

Build succeeded.

Time Elapsed 00:00:10.63
