Build started 01/08/2013 18:33:13.
     1>Project "C:\Users\aldanvy\Documents\VSProjects\AR.Drone\AR.Drone2.0\ARDrone2VideoTcp\ARDrone2VideoTcp.vcxproj" on node 3 (Rebuild target(s)).
     1>ClCompile:
         C:\Program Files (x86)\Microsoft Visual Studio 11.0\VC\bin\CL.exe /c /IC:\Users\aldanvy\Documents\VSProjects\AR.Drone\AR.Drone2.0\ARDrone2VideoTcp\ /I"Generated Files\\" /I"C:\Users\aldanvy\Documents\VSProjects\AR.Drone\AR.Drone2.0\ARDrone2VideoTcp\Generated Files\Win32\Debug\\" /ZI /ZW /ZW:nostdlib /nologo /W3 /WX- /sdl /MP /Od /Oy- /D _UNICODE /D UNICODE /D _DEBUG /D WINAPI_FAMILY=WINAPI_FAMILY_APP /Gm- /EHsc /RTC1 /MDd /GS /fp:precise /Zc:wchar_t /Zc:forScope /Yc"pch.h" /Fp"C:\Users\aldanvy\Documents\VSProjects\AR.Drone\AR.Drone2.0\ARDrone2VideoTcp\Generated Files\Win32\Debug\ARDrone2VideoTcp.pch" /Fo"C:\Users\aldanvy\Documents\VSProjects\AR.Drone\AR.Drone2.0\ARDrone2VideoTcp\Generated Files\Win32\Debug\\" /Fd"C:\Users\aldanvy\Documents\VSProjects\AR.Drone\AR.Drone2.0\ARDrone2VideoTcp\Generated Files\Win32\Debug\vc110.pdb" /FR"C:\Users\aldanvy\Documents\VSProjects\AR.Drone\AR.Drone2.0\ARDrone2VideoTcp\Generated Files\Win32\Debug\\" /Gd /TP /FU"C:\Program Files (x86)\Microsoft SDKs\Windows\v8.0\ExtensionSDKs\Microsoft.VCLibs\11.0\References\CommonConfiguration\neutral\platform.winmd" /FU"C:\Program Files (x86)\Windows Kits\8.0\References\CommonConfiguration\Neutral\Windows.winmd" /FU"C:\Program Files (x86)\Windows Kits\8.0\References\CommonConfiguration\Neutral\Windows.winmd" /analyze- /errorReport:prompt pch.cpp
         pch.cpp
         C:\Program Files (x86)\Microsoft Visual Studio 11.0\VC\bin\CL.exe /c /IC:\Users\aldanvy\Documents\VSProjects\AR.Drone\AR.Drone2.0\ARDrone2VideoTcp\ /I"Generated Files\\" /I"C:\Users\aldanvy\Documents\VSProjects\AR.Drone\AR.Drone2.0\ARDrone2VideoTcp\Generated Files\Win32\Debug\\" /ZI /ZW /ZW:nostdlib /nologo /W3 /WX- /sdl /MP /Od /Oy- /D _UNICODE /D UNICODE /D _DEBUG /D WINAPI_FAMILY=WINAPI_FAMILY_APP /Gm- /EHsc /RTC1 /MDd /GS /fp:precise /Zc:wchar_t /Zc:forScope /Yu"pch.h" /Fp"C:\Users\aldanvy\Documents\VSProjects\AR.Drone\AR.Drone2.0\ARDrone2VideoTcp\Generated Files\Win32\Debug\ARDrone2VideoTcp.pch" /Fo"C:\Users\aldanvy\Documents\VSProjects\AR.Drone\AR.Drone2.0\ARDrone2VideoTcp\Generated Files\Win32\Debug\\" /Fd"C:\Users\aldanvy\Documents\VSProjects\AR.Drone\AR.Drone2.0\ARDrone2VideoTcp\Generated Files\Win32\Debug\vc110.pdb" /FR"C:\Users\aldanvy\Documents\VSProjects\AR.Drone\AR.Drone2.0\ARDrone2VideoTcp\Generated Files\Win32\Debug\\" /Gd /TP /FU"C:\Program Files (x86)\Microsoft SDKs\Windows\v8.0\ExtensionSDKs\Microsoft.VCLibs\11.0\References\CommonConfiguration\neutral\platform.winmd" /FU"C:\Program Files (x86)\Windows Kits\8.0\References\CommonConfiguration\Neutral\Windows.winmd" /FU"C:\Program Files (x86)\Windows Kits\8.0\References\CommonConfiguration\Neutral\Windows.winmd" /analyze- /errorReport:prompt ARBuffer.cpp ARDroneTcpClient.cpp ARStream.cpp NativeBuffer.cpp VideoEncapsulation.h
         ARBuffer.cpp
         ARDroneTcpClient.cpp
         ARStream.cpp
         NativeBuffer.cpp
         VideoEncapsulation.h
       Lib:
         C:\Program Files (x86)\Microsoft Visual Studio 11.0\VC\bin\Lib.exe /OUT:"C:\Users\aldanvy\Documents\VSProjects\AR.Drone\AR.Drone2.0\ARDrone2VideoTcp\Win32\Debug\ARDrone2VideoTcp.lib" /NOLOGO /ignore:4264 "C:\Users\aldanvy\Documents\VSProjects\AR.Drone\AR.Drone2.0\ARDrone2VideoTcp\Generated Files\Win32\Debug\ARBuffer.obj"
         "C:\Users\aldanvy\Documents\VSProjects\AR.Drone\AR.Drone2.0\ARDrone2VideoTcp\Generated Files\Win32\Debug\ARDroneTcpClient.obj"
         "C:\Users\aldanvy\Documents\VSProjects\AR.Drone\AR.Drone2.0\ARDrone2VideoTcp\Generated Files\Win32\Debug\ARStream.obj"
         "C:\Users\aldanvy\Documents\VSProjects\AR.Drone\AR.Drone2.0\ARDrone2VideoTcp\Generated Files\Win32\Debug\NativeBuffer.obj"
         "C:\Users\aldanvy\Documents\VSProjects\AR.Drone\AR.Drone2.0\ARDrone2VideoTcp\Generated Files\Win32\Debug\VideoEncapsulation.obj"
         "C:\Users\aldanvy\Documents\VSProjects\AR.Drone\AR.Drone2.0\ARDrone2VideoTcp\Generated Files\Win32\Debug\pch.obj"
     1>VideoEncapsulation.obj : warning LNK4221: This object file does not define any previously undefined public symbols, so it will not be used by any link operation that consumes this library
         ARDrone2VideoTcp.vcxproj -> C:\Users\aldanvy\Documents\VSProjects\AR.Drone\AR.Drone2.0\ARDrone2VideoTcp\Win32\Debug\ARDrone2VideoTcp.lib
       BscMake:
         C:\Program Files (x86)\Microsoft Visual Studio 11.0\VC\bin\bscmake.exe /nologo /o"C:\Users\aldanvy\Documents\VSProjects\AR.Drone\AR.Drone2.0\ARDrone2VideoTcp\Win32\Debug\ARDrone2VideoTcp.bsc" /n "C:\Users\aldanvy\Documents\VSProjects\AR.Drone\AR.Drone2.0\ARDrone2VideoTcp\Generated Files\Win32\Debug\ARBuffer.sbr" "C:\Users\aldanvy\Documents\VSProjects\AR.Drone\AR.Drone2.0\ARDrone2VideoTcp\Generated Files\Win32\Debug\ARDroneTcpClient.sbr" "C:\Users\aldanvy\Documents\VSProjects\AR.Drone\AR.Drone2.0\ARDrone2VideoTcp\Generated Files\Win32\Debug\ARStream.sbr" "C:\Users\aldanvy\Documents\VSProjects\AR.Drone\AR.Drone2.0\ARDrone2VideoTcp\Generated Files\Win32\Debug\NativeBuffer.sbr" "C:\Users\aldanvy\Documents\VSProjects\AR.Drone\AR.Drone2.0\ARDrone2VideoTcp\Generated Files\Win32\Debug\VideoEncapsulation.sbr" "C:\Users\aldanvy\Documents\VSProjects\AR.Drone\AR.Drone2.0\ARDrone2VideoTcp\Generated Files\Win32\Debug\pch.sbr"
       _GenerateProjectPriFileCore:
         C:\Program Files (x86)\Windows Kits\8.0\bin\x86\MakePri.exe New -ProjectRoot C:\Users\aldanvy\Documents\VSProjects\AR.Drone\AR.Drone2.0\ARDrone2VideoTcp\ -ConfigXml "C:\Users\aldanvy\Documents\VSProjects\AR.Drone\AR.Drone2.0\ARDrone2VideoTcp\Generated Files\Win32\Debug\priconfig.xml" -OutputFile C:\Users\aldanvy\Documents\VSProjects\AR.Drone\AR.Drone2.0\ARDrone2VideoTcp\Win32\Debug\ARDrone2VideoTcp.pri -IndexName ARDrone2VideoTcp -Verbose -Overwrite  
     1>Done Building Project "C:\Users\aldanvy\Documents\VSProjects\AR.Drone\AR.Drone2.0\ARDrone2VideoTcp\ARDrone2VideoTcp.vcxproj" (Rebuild target(s)).

Build succeeded.

Time Elapsed 00:00:11.02
