C:\Users\aldanvy\Documents\VSProjects\AR.Drone\AR.Drone2.0\ARDrone2VideoTcp\Generated Files\Win32\Debug\priconfig.xml.intermediate
C:\Users\aldanvy\Documents\VSProjects\AR.Drone\AR.Drone2.0\ARDrone2VideoTcp\Generated Files\Win32\Debug\layout.resfiles.intermediate
C:\Users\aldanvy\Documents\VSProjects\AR.Drone\AR.Drone2.0\ARDrone2VideoTcp\Generated Files\Win32\Debug\resources.resfiles.intermediate
C:\Users\aldanvy\Documents\VSProjects\AR.Drone\AR.Drone2.0\ARDrone2VideoTcp\Generated Files\Win32\Debug\pri.resfiles.intermediate
C:\Users\aldanvy\Documents\VSProjects\AR.Drone\AR.Drone2.0\ARDrone2VideoTcp\Generated Files\Win32\Debug\priconfig.xml
C:\Users\aldanvy\Documents\VSProjects\AR.Drone\AR.Drone2.0\ARDrone2VideoTcp\Generated Files\Win32\Debug\layout.resfiles
C:\Users\aldanvy\Documents\VSProjects\AR.Drone\AR.Drone2.0\ARDrone2VideoTcp\Generated Files\Win32\Debug\resources.resfiles
C:\Users\aldanvy\Documents\VSProjects\AR.Drone\AR.Drone2.0\ARDrone2VideoTcp\Generated Files\Win32\Debug\pri.resfiles
C:\Users\aldanvy\Documents\VSProjects\AR.Drone\AR.Drone2.0\ARDrone2VideoTcp\Win32\Debug\ARDrone2VideoTcp.pri
C:\Users\aldanvy\Documents\VSProjects\AR.Drone\AR.Drone2.0\ARDrone2VideoTcp\Generated Files\Win32\Debug\LanguageQualifiers.txt
C:\USERS\ALDANVY\DOCUMENTS\VSPROJECTS\AR.DRONE\AR.DRONE2.0\ARDRONE2VIDEOTCP\WIN32\DEBUG\ARDRONE2VIDEOTCP.BSC
C:\USERS\ALDANVY\DOCUMENTS\VSPROJECTS\AR.DRONE\AR.DRONE2.0\ARDRONE2VIDEOTCP\GENERATED FILES\WIN32\DEBUG\ARDRONE2VIDEOTCP.PCH
C:\USERS\ALDANVY\DOCUMENTS\VSPROJECTS\AR.DRONE\AR.DRONE2.0\ARDRONE2VIDEOTCP\GENERATED FILES\WIN32\DEBUG\PCH.SBR
C:\USERS\ALDANVY\DOCUMENTS\VSPROJECTS\AR.DRONE\AR.DRONE2.0\ARDRONE2VIDEOTCP\GENERATED FILES\WIN32\DEBUG\PCH.OBJ
C:\USERS\ALDANVY\DOCUMENTS\VSPROJECTS\AR.DRONE\AR.DRONE2.0\ARDRONE2VIDEOTCP\GENERATED FILES\WIN32\DEBUG\VC110.PDB
C:\USERS\ALDANVY\DOCUMENTS\VSPROJECTS\AR.DRONE\AR.DRONE2.0\ARDRONE2VIDEOTCP\GENERATED FILES\WIN32\DEBUG\NATIVEBUFFER.SBR
C:\USERS\ALDANVY\DOCUMENTS\VSPROJECTS\AR.DRONE\AR.DRONE2.0\ARDRONE2VIDEOTCP\GENERATED FILES\WIN32\DEBUG\NATIVEBUFFER.OBJ
C:\USERS\ALDANVY\DOCUMENTS\VSPROJECTS\AR.DRONE\AR.DRONE2.0\ARDRONE2VIDEOTCP\GENERATED FILES\WIN32\DEBUG\ARDRONETCPCLIENT.SBR
C:\USERS\ALDANVY\DOCUMENTS\VSPROJECTS\AR.DRONE\AR.DRONE2.0\ARDRONE2VIDEOTCP\GENERATED FILES\WIN32\DEBUG\ARDRONETCPCLIENT.OBJ
C:\USERS\ALDANVY\DOCUMENTS\VSPROJECTS\AR.DRONE\AR.DRONE2.0\ARDRONE2VIDEOTCP\GENERATED FILES\WIN32\DEBUG\ARBUFFER.SBR
C:\USERS\ALDANVY\DOCUMENTS\VSPROJECTS\AR.DRONE\AR.DRONE2.0\ARDRONE2VIDEOTCP\GENERATED FILES\WIN32\DEBUG\ARBUFFER.OBJ
C:\USERS\ALDANVY\DOCUMENTS\VSPROJECTS\AR.DRONE\AR.DRONE2.0\ARDRONE2VIDEOTCP\GENERATED FILES\WIN32\DEBUG\VIDEOENCAPSULATION.SBR
C:\USERS\ALDANVY\DOCUMENTS\VSPROJECTS\AR.DRONE\AR.DRONE2.0\ARDRONE2VIDEOTCP\GENERATED FILES\WIN32\DEBUG\VIDEOENCAPSULATION.OBJ
C:\USERS\ALDANVY\DOCUMENTS\VSPROJECTS\AR.DRONE\AR.DRONE2.0\ARDRONE2VIDEOTCP\GENERATED FILES\WIN32\DEBUG\ARSTREAM.SBR
C:\USERS\ALDANVY\DOCUMENTS\VSPROJECTS\AR.DRONE\AR.DRONE2.0\ARDRONE2VIDEOTCP\GENERATED FILES\WIN32\DEBUG\ARSTREAM.OBJ
C:\USERS\ALDANVY\DOCUMENTS\VSPROJECTS\AR.DRONE\AR.DRONE2.0\ARDRONE2VIDEOTCP\WIN32\DEBUG\ARDRONE2VIDEOTCP.LIB
C:\Users\aldanvy\Documents\VSProjects\AR.Drone\AR.Drone2.0\ARDrone2VideoTcp\Generated Files\Win32\Debug\ARBuffer.obj
C:\Users\aldanvy\Documents\VSProjects\AR.Drone\AR.Drone2.0\ARDrone2VideoTcp\Generated Files\Win32\Debug\ARDroneTcpClient.obj
C:\Users\aldanvy\Documents\VSProjects\AR.Drone\AR.Drone2.0\ARDrone2VideoTcp\Generated Files\Win32\Debug\ARStream.obj
C:\Users\aldanvy\Documents\VSProjects\AR.Drone\AR.Drone2.0\ARDrone2VideoTcp\Generated Files\Win32\Debug\NativeBuffer.obj
C:\Users\aldanvy\Documents\VSProjects\AR.Drone\AR.Drone2.0\ARDrone2VideoTcp\Generated Files\Win32\Debug\pch.obj
C:\Users\aldanvy\Documents\VSProjects\AR.Drone\AR.Drone2.0\ARDrone2VideoTcp\Generated Files\Win32\Debug\VideoEncapsulation.obj
C:\Users\aldanvy\Documents\VSProjects\AR.Drone\AR.Drone2.0\ARDrone2VideoTcp\Generated Files\Win32\Debug\ARDrone2VideoTcp.read.1.tlog
C:\Users\aldanvy\Documents\VSProjects\AR.Drone\AR.Drone2.0\ARDrone2VideoTcp\Generated Files\Win32\Debug\ARDrone2VideoTcp.write.1.tlog
C:\Users\aldanvy\Documents\VSProjects\AR.Drone\AR.Drone2.0\ARDrone2VideoTcp\Generated Files\Win32\Debug\BscMake.command.1.tlog
C:\Users\aldanvy\Documents\VSProjects\AR.Drone\AR.Drone2.0\ARDrone2VideoTcp\Generated Files\Win32\Debug\bscmake.read.1.tlog
C:\Users\aldanvy\Documents\VSProjects\AR.Drone\AR.Drone2.0\ARDrone2VideoTcp\Generated Files\Win32\Debug\BscMake.write.1.tlog
C:\Users\aldanvy\Documents\VSProjects\AR.Drone\AR.Drone2.0\ARDrone2VideoTcp\Generated Files\Win32\Debug\CL.13768.read.1.tlog
C:\Users\aldanvy\Documents\VSProjects\AR.Drone\AR.Drone2.0\ARDrone2VideoTcp\Generated Files\Win32\Debug\CL.13768.write.1.tlog
C:\Users\aldanvy\Documents\VSProjects\AR.Drone\AR.Drone2.0\ARDrone2VideoTcp\Generated Files\Win32\Debug\CL.13976.read.1.tlog
C:\Users\aldanvy\Documents\VSProjects\AR.Drone\AR.Drone2.0\ARDrone2VideoTcp\Generated Files\Win32\Debug\CL.13976.write.1.tlog
C:\Users\aldanvy\Documents\VSProjects\AR.Drone\AR.Drone2.0\ARDrone2VideoTcp\Generated Files\Win32\Debug\CL.14968.read.1.tlog
C:\Users\aldanvy\Documents\VSProjects\AR.Drone\AR.Drone2.0\ARDrone2VideoTcp\Generated Files\Win32\Debug\CL.14968.write.1.tlog
C:\Users\aldanvy\Documents\VSProjects\AR.Drone\AR.Drone2.0\ARDrone2VideoTcp\Generated Files\Win32\Debug\CL.4304.read.1.tlog
C:\Users\aldanvy\Documents\VSProjects\AR.Drone\AR.Drone2.0\ARDrone2VideoTcp\Generated Files\Win32\Debug\CL.4304.write.1.tlog
C:\Users\aldanvy\Documents\VSProjects\AR.Drone\AR.Drone2.0\ARDrone2VideoTcp\Generated Files\Win32\Debug\cl.command.1.tlog
C:\Users\aldanvy\Documents\VSProjects\AR.Drone\AR.Drone2.0\ARDrone2VideoTcp\Generated Files\Win32\Debug\CL.read.1.tlog
C:\Users\aldanvy\Documents\VSProjects\AR.Drone\AR.Drone2.0\ARDrone2VideoTcp\Generated Files\Win32\Debug\CL.write.1.tlog
C:\Users\aldanvy\Documents\VSProjects\AR.Drone\AR.Drone2.0\ARDrone2VideoTcp\Generated Files\Win32\Debug\Lib-link.read.1.tlog
C:\Users\aldanvy\Documents\VSProjects\AR.Drone\AR.Drone2.0\ARDrone2VideoTcp\Generated Files\Win32\Debug\Lib-link.write.1.tlog
C:\Users\aldanvy\Documents\VSProjects\AR.Drone\AR.Drone2.0\ARDrone2VideoTcp\Generated Files\Win32\Debug\lib.command.1.tlog
C:\Users\aldanvy\Documents\VSProjects\AR.Drone\AR.Drone2.0\ARDrone2VideoTcp\Generated Files\Win32\Debug\ARDrone2VideoTcp.pch
C:\Users\aldanvy\Documents\VSProjects\AR.Drone\AR.Drone2.0\ARDrone2VideoTcp\Generated Files\Win32\Debug\vc110.idb
C:\Users\aldanvy\Documents\VSProjects\AR.Drone\AR.Drone2.0\ARDrone2VideoTcp\Generated Files\Win32\Debug\vc110.pdb
C:\Users\aldanvy\Documents\VSProjects\AR.Drone\AR.Drone2.0\ARDrone2VideoTcp\Generated Files\Win32\Debug\ARBuffer.sbr
C:\Users\aldanvy\Documents\VSProjects\AR.Drone\AR.Drone2.0\ARDrone2VideoTcp\Generated Files\Win32\Debug\ARDroneTcpClient.sbr
C:\Users\aldanvy\Documents\VSProjects\AR.Drone\AR.Drone2.0\ARDrone2VideoTcp\Generated Files\Win32\Debug\ARStream.sbr
C:\Users\aldanvy\Documents\VSProjects\AR.Drone\AR.Drone2.0\ARDrone2VideoTcp\Generated Files\Win32\Debug\NativeBuffer.sbr
C:\Users\aldanvy\Documents\VSProjects\AR.Drone\AR.Drone2.0\ARDrone2VideoTcp\Generated Files\Win32\Debug\pch.sbr
C:\Users\aldanvy\Documents\VSProjects\AR.Drone\AR.Drone2.0\ARDrone2VideoTcp\Generated Files\Win32\Debug\VideoEncapsulation.sbr
C:\Users\aldanvy\Documents\VSProjects\AR.Drone\AR.Drone2.0\ARDrone2VideoTcp\Win32\Debug\ARDrone2VideoTcp.lib
C:\Users\aldanvy\Documents\VSProjects\AR.Drone\AR.Drone2.0\ARDrone2VideoTcp\Win32\Debug\ARDrone2VideoTcp.bsc
