C:\Users\aldanvy\Documents\VSProjects\AR.Drone\AR.Drone2.0\ARDrone2VideoTcpWrapper\Win32\Debug\ARDrone2VideoTcpWrapper.lib
C:\Users\aldanvy\Documents\VSProjects\AR.Drone\AR.Drone2.0\ARDrone2VideoTcpWrapper\Win32\Debug\ARDrone2VideoTcpWrapper.exp
C:\USERS\ALDANVY\DOCUMENTS\VSPROJECTS\AR.DRONE\AR.DRONE2.0\ARDRONE2VIDEOTCPWRAPPER\GENERATED FILES\WIN32\DEBUG\ARDRONE2VIDEOTCPWRAPPER.PCH
C:\USERS\ALDANVY\DOCUMENTS\VSPROJECTS\AR.DRONE\AR.DRONE2.0\ARDRONE2VIDEOTCPWRAPPER\GENERATED FILES\WIN32\DEBUG\PCH.OBJ
C:\USERS\ALDANVY\DOCUMENTS\VSPROJECTS\AR.DRONE\AR.DRONE2.0\ARDRONE2VIDEOTCPWRAPPER\GENERATED FILES\WIN32\DEBUG\VC110.PDB
C:\USERS\ALDANVY\DOCUMENTS\VSPROJECTS\AR.DRONE\AR.DRONE2.0\ARDRONE2VIDEOTCPWRAPPER\GENERATED FILES\WIN32\DEBUG\ARDRONETCPCLIENTWRAPPER.OBJ
C:\USERS\ALDANVY\DOCUMENTS\VSPROJECTS\AR.DRONE\AR.DRONE2.0\ARDRONE2VIDEOTCPWRAPPER\GENERATED FILES\WIN32\DEBUG\VIDEOPACKETWRAPPER.OBJ
C:\USERS\ALDANVY\DOCUMENTS\VSPROJECTS\AR.DRONE\AR.DRONE2.0\ARDRONE2VIDEOTCPWRAPPER\WIN32\DEBUG\ARDRONE2VIDEOTCPWRAPPER.ILK
C:\USERS\ALDANVY\DOCUMENTS\VSPROJECTS\AR.DRONE\AR.DRONE2.0\ARDRONE2VIDEOTCPWRAPPER\WIN32\DEBUG\ARDRONE2VIDEOTCPWRAPPER.DLL
C:\USERS\ALDANVY\DOCUMENTS\VSPROJECTS\AR.DRONE\AR.DRONE2.0\ARDRONE2VIDEOTCPWRAPPER\WIN32\DEBUG\ARDRONE2VIDEOTCPWRAPPER.WINMD
C:\USERS\ALDANVY\DOCUMENTS\VSPROJECTS\AR.DRONE\AR.DRONE2.0\ARDRONE2VIDEOTCPWRAPPER\WIN32\DEBUG\ARDRONE2VIDEOTCPWRAPPER.PDB
C:\Users\aldanvy\Documents\VSProjects\AR.Drone\AR.Drone2.0\ARDrone2VideoTcpWrapper\Generated Files\Win32\Debug\ARDroneTcpClientWrapper.obj
C:\Users\aldanvy\Documents\VSProjects\AR.Drone\AR.Drone2.0\ARDrone2VideoTcpWrapper\Generated Files\Win32\Debug\pch.obj
C:\Users\aldanvy\Documents\VSProjects\AR.Drone\AR.Drone2.0\ARDrone2VideoTcpWrapper\Generated Files\Win32\Debug\VideoPacketWrapper.obj
C:\Users\aldanvy\Documents\VSProjects\AR.Drone\AR.Drone2.0\ARDrone2VideoTcpWrapper\Generated Files\Win32\Debug\ARDrone2VideoTcpWrapper.write.1.tlog
C:\Users\aldanvy\Documents\VSProjects\AR.Drone\AR.Drone2.0\ARDrone2VideoTcpWrapper\Generated Files\Win32\Debug\CL.14564.read.1.tlog
C:\Users\aldanvy\Documents\VSProjects\AR.Drone\AR.Drone2.0\ARDrone2VideoTcpWrapper\Generated Files\Win32\Debug\CL.14564.write.1.tlog
C:\Users\aldanvy\Documents\VSProjects\AR.Drone\AR.Drone2.0\ARDrone2VideoTcpWrapper\Generated Files\Win32\Debug\CL.15008.read.1.tlog
C:\Users\aldanvy\Documents\VSProjects\AR.Drone\AR.Drone2.0\ARDrone2VideoTcpWrapper\Generated Files\Win32\Debug\CL.15008.write.1.tlog
C:\Users\aldanvy\Documents\VSProjects\AR.Drone\AR.Drone2.0\ARDrone2VideoTcpWrapper\Generated Files\Win32\Debug\cl.command.1.tlog
C:\Users\aldanvy\Documents\VSProjects\AR.Drone\AR.Drone2.0\ARDrone2VideoTcpWrapper\Generated Files\Win32\Debug\CL.read.1.tlog
C:\Users\aldanvy\Documents\VSProjects\AR.Drone\AR.Drone2.0\ARDrone2VideoTcpWrapper\Generated Files\Win32\Debug\CL.write.1.tlog
C:\Users\aldanvy\Documents\VSProjects\AR.Drone\AR.Drone2.0\ARDrone2VideoTcpWrapper\Generated Files\Win32\Debug\link.command.1.tlog
C:\Users\aldanvy\Documents\VSProjects\AR.Drone\AR.Drone2.0\ARDrone2VideoTcpWrapper\Generated Files\Win32\Debug\link.read.1.tlog
C:\Users\aldanvy\Documents\VSProjects\AR.Drone\AR.Drone2.0\ARDrone2VideoTcpWrapper\Generated Files\Win32\Debug\link.write.1.tlog
C:\Users\aldanvy\Documents\VSProjects\AR.Drone\AR.Drone2.0\ARDrone2VideoTcpWrapper\Generated Files\Win32\Debug\ARDrone2VideoTcpWrapper.pch
C:\Users\aldanvy\Documents\VSProjects\AR.Drone\AR.Drone2.0\ARDrone2VideoTcpWrapper\Generated Files\Win32\Debug\vc110.idb
C:\Users\aldanvy\Documents\VSProjects\AR.Drone\AR.Drone2.0\ARDrone2VideoTcpWrapper\Generated Files\Win32\Debug\vc110.pdb
C:\Users\aldanvy\Documents\VSProjects\AR.Drone\AR.Drone2.0\ARDrone2VideoTcpWrapper\Win32\Debug\ARDrone2VideoTcpWrapper.pdb
C:\Users\aldanvy\Documents\VSProjects\AR.Drone\AR.Drone2.0\ARDrone2VideoTcpWrapper\Win32\Debug\ARDrone2VideoTcpWrapper.dll
C:\Users\aldanvy\Documents\VSProjects\AR.Drone\AR.Drone2.0\ARDrone2VideoTcpWrapper\Win32\Debug\ARDrone2VideoTcpWrapper.ilk
