C:\Users\aldanvy\Documents\VSProjects\AR.Drone\AR.Drone2.0\ARM\Release\ARDrone2VideoTcpWrapper\ARDrone2VideoTcpWrapper.lib
C:\Users\aldanvy\Documents\VSProjects\AR.Drone\AR.Drone2.0\ARM\Release\ARDrone2VideoTcpWrapper\ARDrone2VideoTcpWrapper.exp
C:\USERS\ALDANVY\DOCUMENTS\VSPROJECTS\AR.DRONE\AR.DRONE2.0\ARDRONE2VIDEOTCPWRAPPER\ARM\RELEASE\ARDRONE2VIDEOTCPWRAPPER.PCH
C:\USERS\ALDANVY\DOCUMENTS\VSPROJECTS\AR.DRONE\AR.DRONE2.0\ARDRONE2VIDEOTCPWRAPPER\ARM\RELEASE\PCH.OBJ
C:\USERS\ALDANVY\DOCUMENTS\VSPROJECTS\AR.DRONE\AR.DRONE2.0\ARDRONE2VIDEOTCPWRAPPER\ARM\RELEASE\VC110.PDB
C:\USERS\ALDANVY\DOCUMENTS\VSPROJECTS\AR.DRONE\AR.DRONE2.0\ARDRONE2VIDEOTCPWRAPPER\ARM\RELEASE\VIDEOPACKETWRAPPER.OBJ
C:\USERS\ALDANVY\DOCUMENTS\VSPROJECTS\AR.DRONE\AR.DRONE2.0\ARDRONE2VIDEOTCPWRAPPER\ARM\RELEASE\ARDRONETCPCLIENTWRAPPER.OBJ
C:\USERS\ALDANVY\DOCUMENTS\VSPROJECTS\AR.DRONE\AR.DRONE2.0\ARM\RELEASE\ARDRONE2VIDEOTCPWRAPPER\ARDRONE2VIDEOTCPWRAPPER.DLL
C:\USERS\ALDANVY\DOCUMENTS\VSPROJECTS\AR.DRONE\AR.DRONE2.0\ARM\RELEASE\ARDRONE2VIDEOTCPWRAPPER\ARDRONE2VIDEOTCPWRAPPER.WINMD
C:\USERS\ALDANVY\DOCUMENTS\VSPROJECTS\AR.DRONE\AR.DRONE2.0\ARM\RELEASE\ARDRONE2VIDEOTCPWRAPPER\ARDRONE2VIDEOTCPWRAPPER.PDB
C:\Users\aldanvy\Documents\VSProjects\AR.Drone\AR.Drone2.0\ARDrone2VideoTcpWrapper\ARM\Release\ARDrone2VideoTcpWrapper.vcxprojResolveAssemblyReference.cache
C:\Users\aldanvy\Documents\VSProjects\AR.Drone\AR.Drone2.0\ARDrone2VideoTcpWrapper\ARM\Release\ARDroneTcpClientWrapper.obj
C:\Users\aldanvy\Documents\VSProjects\AR.Drone\AR.Drone2.0\ARDrone2VideoTcpWrapper\ARM\Release\pch.obj
C:\Users\aldanvy\Documents\VSProjects\AR.Drone\AR.Drone2.0\ARDrone2VideoTcpWrapper\ARM\Release\VideoPacketWrapper.obj
C:\Users\aldanvy\Documents\VSProjects\AR.Drone\AR.Drone2.0\ARDrone2VideoTcpWrapper\ARM\Release\ARDrone2VideoTcpWrapper.write.1.tlog
C:\Users\aldanvy\Documents\VSProjects\AR.Drone\AR.Drone2.0\ARDrone2VideoTcpWrapper\ARM\Release\CL.10444.read.1.tlog
C:\Users\aldanvy\Documents\VSProjects\AR.Drone\AR.Drone2.0\ARDrone2VideoTcpWrapper\ARM\Release\CL.10444.write.1.tlog
C:\Users\aldanvy\Documents\VSProjects\AR.Drone\AR.Drone2.0\ARDrone2VideoTcpWrapper\ARM\Release\CL.10800.read.1.tlog
C:\Users\aldanvy\Documents\VSProjects\AR.Drone\AR.Drone2.0\ARDrone2VideoTcpWrapper\ARM\Release\CL.10800.write.1.tlog
C:\Users\aldanvy\Documents\VSProjects\AR.Drone\AR.Drone2.0\ARDrone2VideoTcpWrapper\ARM\Release\cl.command.1.tlog
C:\Users\aldanvy\Documents\VSProjects\AR.Drone\AR.Drone2.0\ARDrone2VideoTcpWrapper\ARM\Release\CL.read.1.tlog
C:\Users\aldanvy\Documents\VSProjects\AR.Drone\AR.Drone2.0\ARDrone2VideoTcpWrapper\ARM\Release\CL.write.1.tlog
C:\Users\aldanvy\Documents\VSProjects\AR.Drone\AR.Drone2.0\ARDrone2VideoTcpWrapper\ARM\Release\link.command.1.tlog
C:\Users\aldanvy\Documents\VSProjects\AR.Drone\AR.Drone2.0\ARDrone2VideoTcpWrapper\ARM\Release\link.read.1.tlog
C:\Users\aldanvy\Documents\VSProjects\AR.Drone\AR.Drone2.0\ARDrone2VideoTcpWrapper\ARM\Release\link.write.1.tlog
C:\Users\aldanvy\Documents\VSProjects\AR.Drone\AR.Drone2.0\ARDrone2VideoTcpWrapper\ARM\Release\ARDrone2VideoTcpWrapper.pch
C:\Users\aldanvy\Documents\VSProjects\AR.Drone\AR.Drone2.0\ARDrone2VideoTcpWrapper\ARM\Release\vc110.pdb
C:\Users\aldanvy\Documents\VSProjects\AR.Drone\AR.Drone2.0\ARM\Release\ARDrone2VideoTcpWrapper\ARDrone2VideoTcpWrapper.pdb
C:\Users\aldanvy\Documents\VSProjects\AR.Drone\AR.Drone2.0\ARM\Release\ARDrone2VideoTcpWrapper\ARDrone2VideoTcpWrapper.dll
